Date: 02/05/2025 11:55:49
Exception: Vue non reconnue: EditProfile
Stack Trace:    at IHECLibrary.Services.Implementations.NavigationService.NavigateToAsync(String viewName, Object parameter) in D:\webapp\ihec_library-\src\IHECLibrary\Services\Implementations\NavigationService.cs:line 50
   at IHECLibrary.ViewModels.ProfileViewModel.EditProfile() in D:\webapp\ihec_library-\src\IHECLibrary\ViewModels\ProfileViewModel.cs:line 168
   at CommunityToolkit.Mvvm.Input.AsyncRelayCommand.AwaitAndThrowIfFailed(Task executionTask)
   at System.Threading.Tasks.Task.<>c.<ThrowAsync>b__128_0(Object state)
   at Avalonia.Threading.SendOrPostCallbackDispatcherOperation.InvokeCore()
   at Avalonia.Threading.DispatcherOperation.Execute()
   at Avalonia.Threading.Dispatcher.ExecuteJob(DispatcherOperation job)
   at Avalonia.Threading.Dispatcher.ExecuteJobsCore(Boolean fromExplicitBackgroundProcessingCallback)
   at Avalonia.Threading.Dispatcher.Signaled()
   at Avalonia.Win32.Win32Platform.WndProc(IntPtr hWnd, UInt32 msg, IntPtr wParam, IntPtr lParam)
   at Avalonia.Win32.Interop.UnmanagedMethods.DispatchMessage(MSG& lpmsg)
   at Avalonia.Win32.Win32DispatcherImpl.RunLoop(CancellationToken cancellationToken)
   at Avalonia.Threading.DispatcherFrame.Run(IControlledDispatcherImpl impl)
   at Avalonia.Threading.Dispatcher.PushFrame(DispatcherFrame frame)
   at Avalonia.Threading.Dispatcher.MainLoop(CancellationToken cancellationToken)
   at Avalonia.Controls.ApplicationLifetimes.ClassicDesktopStyleApplicationLifetime.StartCore(String[] args)
   at Avalonia.Controls.ApplicationLifetimes.ClassicDesktopStyleApplicationLifetime.Start(String[] args)
   at Avalonia.ClassicDesktopStyleApplicationLifetimeExtensions.StartWithClassicDesktopLifetime(AppBuilder builder, String[] args, Action`1 lifetimeBuilder)
   at IHECLibrary.Program.Main(String[] args) in D:\webapp\ihec_library-\src\IHECLibrary\Program.cs:line 37